<?xml version="1.0" encoding="UTF-8"?>
<testsuites>
  <testsuite name="/Users/htetshine/Desktop/personal/Lexorank/phpunit.xml.dist" tests="5" assertions="11" errors="0" failures="0" skipped="0" time="0.262541">
    <testsuite name="LexoRank Test Suite" tests="5" assertions="11" errors="0" failures="0" skipped="0" time="0.262541">
      <testsuite name="Src\tests\Feature\LexoRankTest" file="src/tests/Feature/LexoRankTest.php" tests="5" assertions="11" errors="0" failures="0" skipped="0" time="0.262541">
        <testcase name="it can create a new entity and get position &quot;a&quot;" file="src/tests/Feature/LexoRankTest.php::it can create a new entity and get position &quot;a&quot;" class="Src\tests\Feature\LexoRankTest" classname="Src.tests.Feature.LexoRankTest" assertions="2" time="0.199417"/>
        <testcase name="it get 'ba' after move 'a'" file="src/tests/Feature/LexoRankTest.php::it get 'ba' after move 'a'" class="Src\tests\Feature\LexoRankTest" classname="Src.tests.Feature.LexoRankTest" assertions="3" time="0.018084"/>
        <testcase name="it get &quot;za&quot; after &quot;z&quot;" file="src/tests/Feature/LexoRankTest.php::it get &quot;za&quot; after &quot;z&quot;" class="Src\tests\Feature\LexoRankTest" classname="Src.tests.Feature.LexoRankTest" assertions="1" time="0.018065"/>
        <testcase name="it get position 'b' after 'a'" file="src/tests/Feature/LexoRankTest.php::it get position 'b' after 'a'" class="Src\tests\Feature\LexoRankTest" classname="Src.tests.Feature.LexoRankTest" assertions="2" time="0.012672"/>
        <testcase name="it reset position" file="src/tests/Feature/LexoRankTest.php::it reset position" class="Src\tests\Feature\LexoRankTest" classname="Src.tests.Feature.LexoRankTest" assertions="3" time="0.014302"/>
      </testsuite>
    </testsuite>
  </testsuite>
</testsuites>
